<?xml version="1.0" encoding="UTF-8"?>
<!-- Generated by org.testng.reporters.JUnitReportReporter -->
<testsuite hostname="US107559WIN" failures="0" tests="3" name="com.bottomline.tests.AccountGroupsCRUD" time="62.562" errors="0" timestamp="2021-08-10T16:53:23 EEST" skipped="0">
  <testcase classname="com.bottomline.tests.AccountGroupsCRUD" name="Add" time="34.624"/>
  <system-out/>
  <testcase classname="com.bottomline.tests.AccountGroupsCRUD" name="Edit" time="13.931"/>
  <system-out/>
  <testcase classname="com.bottomline.tests.AccountGroupsCRUD" name="Delete" time="14.007"/>
  <system-out/>
</testsuite> <!-- com.bottomline.tests.AccountGroupsCRUD -->
