<?xml version="1.0" encoding="UTF-8"?>
<!-- Generated by org.testng.reporters.JUnitReportReporter -->
<testsuite hostname="US107559WIN" failures="0" tests="3" name="com.bottomline.tests.AccountGroupLabelsCRUD" time="55.783" errors="0" timestamp="2021-08-10T16:53:23 EEST" skipped="0">
  <testcase classname="com.bottomline.tests.AccountGroupLabelsCRUD" name="Add" time="28.190"/>
  <system-out/>
  <testcase classname="com.bottomline.tests.AccountGroupLabelsCRUD" name="Edit" time="13.618"/>
  <system-out/>
  <testcase classname="com.bottomline.tests.AccountGroupLabelsCRUD" name="Delete" time="13.975"/>
  <system-out/>
</testsuite> <!-- com.bottomline.tests.AccountGroupLabelsCRUD -->
