<?xml version="1.0" encoding="UTF-8"?>
<!-- Generated by org.testng.reporters.JUnitReportReporter -->
<testsuite hostname="US107559WIN" failures="0" tests="3" name="com.bottomline.tests.AccountGroupsCRUD" time="47.746" errors="0" timestamp="2021-08-09T16:54:02 EEST" skipped="0">
  <testcase classname="com.bottomline.tests.AccountGroupsCRUD" name="Add" time="19.591"/>
  <system-out/>
  <testcase classname="com.bottomline.tests.AccountGroupsCRUD" name="Edit" time="14.033"/>
  <system-out/>
  <testcase classname="com.bottomline.tests.AccountGroupsCRUD" name="Delete" time="14.122"/>
  <system-out/>
</testsuite> <!-- com.bottomline.tests.AccountGroupsCRUD -->
