<?xml version="1.0" encoding="UTF-8"?>
<!-- Generated by org.testng.reporters.JUnitReportReporter -->
<testsuite hostname="US107559WIN" failures="0" tests="1" name="com.bottomline.tests.AccountCRUD" time="33.972" errors="0" timestamp="2021-07-30T17:15:22 EEST" skipped="0">
  <testcase classname="com.bottomline.tests.AccountCRUD" name="Add" time="33.972"/>
  <system-out/>
</testsuite> <!-- com.bottomline.tests.AccountCRUD -->
