<?xml version="1.0" encoding="UTF-8"?>
<!-- Generated by org.testng.reporters.JUnitReportReporter -->
<testsuite hostname="US107559WIN" failures="0" tests="3" name="com.bottomline.tests.AccountLabelsCRUD" time="60.928" errors="0" timestamp="2021-08-10T17:28:24 EEST" skipped="0">
  <testcase classname="com.bottomline.tests.AccountLabelsCRUD" name="Add" time="28.467"/>
  <system-out/>
  <testcase classname="com.bottomline.tests.AccountLabelsCRUD" name="Edit" time="18.532"/>
  <system-out/>
  <testcase classname="com.bottomline.tests.AccountLabelsCRUD" name="Delete" time="13.929"/>
  <system-out/>
</testsuite> <!-- com.bottomline.tests.AccountLabelsCRUD -->
