<?xml version="1.0" encoding="UTF-8"?>
<!-- Generated by org.testng.reporters.JUnitReportReporter -->
<testsuite hostname="US107559WIN" failures="0" tests="3" name="com.bottomline.tests.AccountGroupLabelsCRUD" time="45.369" errors="0" timestamp="2021-08-10T11:47:24 EEST" skipped="0">
  <testcase classname="com.bottomline.tests.AccountGroupLabelsCRUD" name="Add" time="18.359"/>
  <system-out/>
  <testcase classname="com.bottomline.tests.AccountGroupLabelsCRUD" name="Edit" time="13.099"/>
  <system-out/>
  <testcase classname="com.bottomline.tests.AccountGroupLabelsCRUD" name="Delete" time="13.911"/>
  <system-out/>
</testsuite> <!-- com.bottomline.tests.AccountGroupLabelsCRUD -->
